<?xml version="1.0" encoding="UTF-8"?>
<!-- Generated by org.testng.reporters.JUnitXMLReporter -->
<testsuite hostname="MAA-5CG838585D" ignored="0" name="Test" tests="6" failures="0" timestamp="05 Sep 2022 13:09:01 GMT" time="0.146" errors="0">
  <testcase name="aa" time="0.032" classname="org.base.SuiteLlevel1"/>
  <testcase name="bb" time="0.002" classname="org.base.SuiteLlevel1"/>
  <testcase name="cc" time="0.002" classname="org.base.SuiteLlevel1"/>
  <testcase name="a" time="0.003" classname="org.base.SuiteLel2"/>
  <testcase name="b" time="0.004" classname="org.base.SuiteLel2"/>
  <testcase name="c" time="0.003" classname="org.base.SuiteLel2"/>
</testsuite> <!-- Test -->
